0 info it worked if it ends with ok
1 verbose cli [ '/Users/Lambert/.nvm/versions/node/v7.4.0/bin/node',
1 verbose cli   '/Users/Lambert/.nvm/versions/node/v7.4.0/bin/npm',
1 verbose cli   'run',
1 verbose cli   'develop' ]
2 info using npm@4.0.5
3 info using node@v7.4.0
4 verbose run-script [ 'predevelop', 'develop', 'postdevelop' ]
5 info lifecycle b~side@1.0.0~predevelop: b~side@1.0.0
6 silly lifecycle b~side@1.0.0~predevelop: no script for predevelop, continuing
7 info lifecycle b~side@1.0.0~develop: b~side@1.0.0
8 verbose lifecycle b~side@1.0.0~develop: unsafe-perm in lifecycle true
9 verbose lifecycle b~side@1.0.0~develop: PATH: /Users/Lambert/.nvm/versions/node/v7.4.0/lib/node_modules/npm/bin/node-gyp-bin:/Users/Lambert/Desktop/bside/node_modules/.bin:/Users/Lambert/.nvm/versions/node/v7.4.0/bin:/Users/Lambert/.rbenv/shims:/usr/local/bin:/usr/bin:/bin:/usr/sbin:/sbin
10 verbose lifecycle b~side@1.0.0~develop: CWD: /Users/Lambert/Desktop/bside
11 silly lifecycle b~side@1.0.0~develop: Args: [ '-c', 'gatsby develop' ]
12 silly lifecycle b~side@1.0.0~develop: Returned: code: 1  signal: null
13 info lifecycle b~side@1.0.0~develop: Failed to exec develop script
14 verbose stack Error: b~side@1.0.0 develop: `gatsby develop`
14 verbose stack Exit status 1
14 verbose stack     at EventEmitter.<anonymous> (/Users/Lambert/.nvm/versions/node/v7.4.0/lib/node_modules/npm/lib/utils/lifecycle.js:279:16)
14 verbose stack     at emitTwo (events.js:106:13)
14 verbose stack     at EventEmitter.emit (events.js:191:7)
14 verbose stack     at ChildProcess.<anonymous> (/Users/Lambert/.nvm/versions/node/v7.4.0/lib/node_modules/npm/lib/utils/spawn.js:40:14)
14 verbose stack     at emitTwo (events.js:106:13)
14 verbose stack     at ChildProcess.emit (events.js:191:7)
14 verbose stack     at maybeClose (internal/child_process.js:885:16)
14 verbose stack     at Process.ChildProcess._handle.onexit (internal/child_process.js:226:5)
15 verbose pkgid b~side@1.0.0
16 verbose cwd /Users/Lambert/Desktop/bside
17 error Darwin 15.5.0
18 error argv "/Users/Lambert/.nvm/versions/node/v7.4.0/bin/node" "/Users/Lambert/.nvm/versions/node/v7.4.0/bin/npm" "run" "develop"
19 error node v7.4.0
20 error npm  v4.0.5
21 error code ELIFECYCLE
22 error b~side@1.0.0 develop: `gatsby develop`
22 error Exit status 1
23 error Failed at the b~side@1.0.0 develop script 'gatsby develop'.
23 error Make sure you have the latest version of node.js and npm installed.
23 error If you do, this is most likely a problem with the b~side package,
23 error not with npm itself.
23 error Tell the author that this fails on your system:
23 error     gatsby develop
23 error You can get information on how to open an issue for this project with:
23 error     npm bugs b~side
23 error Or if that isn't available, you can get their info via:
23 error     npm owner ls b~side
23 error There is likely additional logging output above.
24 verbose exit [ 1, true ]
